<?xml version="1.0" encoding="UTF-8"?>
<!-- Generated by org.testng.reporters.JUnitXMLReporter -->
<testsuite hostname="LAPTOP-IFLMPRQ2" ignored="0" name="Test2" tests="41" failures="0" timestamp="2021-11-25T10:10:51 IST" time="2173.692" errors="0">
  <testcase name="createUser" time="58.051" classname="com.fitsyn.qa.testcases.Campaign"/>
  <testcase name="buyNumbercreateAgentGroup" time="16.086" classname="com.fitsyn.qa.testcases.Campaign"/>
  <testcase name="createCampaign" time="41.696" classname="com.fitsyn.qa.testcases.Campaign"/>
  <testcase name="uploadLeadsCampaignPage" time="29.996" classname="com.fitsyn.qa.testcases.Campaign"/>
  <testcase name="subAccountRailTwo" time="29.166" classname="com.fitsyn.qa.testcases.CampaignRailtwoLeadAPI"/>
  <testcase name="systemSettingAllowDuplicateLeads" time="17.17" classname="com.fitsyn.qa.testcases.CampaignRailtwoLeadAPI"/>
  <testcase name="createCampaignLeadRailTwoPOSTAPI" time="2.71" classname="com.fitsyn.qa.testcases.CampaignRailtwoLeadAPI"/>
  <testcase name="navigateLeadPage" time="8.865" classname="com.fitsyn.qa.testcases.CampaignRailtwoLeadAPI"/>
  <testcase name="subAccountRailOne" time="32.111" classname="com.fitsyn.qa.testcases.CampaignRailOneleadAPI"/>
  <testcase name="createCampaignLeadRailOnePOSTAPI" time="2.348" classname="com.fitsyn.qa.testcases.CampaignRailOneleadAPI"/>
  <testcase name="navigateLeadPage" time="5.995" classname="com.fitsyn.qa.testcases.CampaignRailOneleadAPI"/>
  <testcase name="createSMStemplate" time="23.452" classname="com.fitsyn.qa.testcases.SMSTemplate"/>
  <testcase name="createIVR" time="118.739" classname="com.fitsyn.qa.testcases.IVR"/>
  <testcase name="createDripLogic" time="60.687" classname="com.fitsyn.qa.testcases.DripLogic"/>
  <testcase name="editandAddSMSDrip" time="76.272" classname="com.fitsyn.qa.testcases.DripLogic"/>
  <testcase name="startdrip" time="84.727" classname="com.fitsyn.qa.testcases.DripLogic"/>
  <testcase name="addfirstlead" time="106.146" classname="com.fitsyn.qa.testcases.Addlead"/>
  <testcase name="addsecondlead" time="110.861" classname="com.fitsyn.qa.testcases.Addlead"/>
  <testcase name="reAssignLeads" time="52.662" classname="com.fitsyn.qa.testcases.Addlead"/>
  <testcase name="downloadCSVLeadList" time="260.445" classname="com.fitsyn.qa.testcases.Addlead"/>
  <testcase name="uploadLead" time="42.98" classname="com.fitsyn.qa.testcases.UploadLeads"/>
  <testcase name="uplodedFiles" time="20.442" classname="com.fitsyn.qa.testcases.UploadLeads"/>
  <testcase name="sortColumns" time="100.886" classname="com.fitsyn.qa.testcases.UploadLeads"/>
  <testcase name="addComments" time="26.424" classname="com.fitsyn.qa.testcases.SendMessageEmailTextToVoiceNumber"/>
  <testcase name="composeEmail" time="70.962" classname="com.fitsyn.qa.testcases.SendMessageEmailTextToVoiceNumber"/>
  <testcase name="addTexts" time="25.935" classname="com.fitsyn.qa.testcases.SendMessageEmailTextToVoiceNumber"/>
  <testcase name="textLogs" time="21.724" classname="com.fitsyn.qa.testcases.SendMessageEmailTextToVoiceNumber"/>
  <testcase name="applicantDetails" time="21.677" classname="com.fitsyn.qa.testcases.SendMessageEmailTextToVoiceNumber"/>
  <testcase name="searchCampaign" time="27.642" classname="com.fitsyn.qa.testcases.SendMessageEmailTextToVoiceNumber"/>
  <testcase name="systemSettingPreOfferPageSeconds" time="20.444" classname="com.fitsyn.qa.multipletestcases.DelayResultsInpreOfferForRailOne"/>
  <testcase name="showPreofferAfterpageDropdowmMenu" time="15.182" classname="com.fitsyn.qa.multipletestcases.DelayResultsInpreOfferForRailOne"/>
  <testcase name="subaccountSettingRailOne" time="31.743" classname="com.fitsyn.qa.multipletestcases.DelayResultsInpreOfferForRailOne"/>
  <testcase name="createApplicationRailOneAfterPreOfferConfirmationPage" time="142.856" classname="com.fitsyn.qa.multipletestcases.DelayResultsInpreOfferForRailOne"/>
  <testcase name="showPreofferBeforepageDropdowmMenu" time="18.191" classname="com.fitsyn.qa.multipletestcases.DelayResultsInpreOfferForRailOne"/>
  <testcase name="createApplicationRailOneBeforePreOfferConfirmationPage" time="110.591" classname="com.fitsyn.qa.multipletestcases.DelayResultsInpreOfferForRailOne"/>
  <testcase name="systemSettingPreOfferPageSeconds" time="20.432" classname="com.fitsyn.qa.multipletestcases.DelayResultsInPreOfferForRialTwo"/>
  <testcase name="showPreofferAfterpageDropdowmMenu" time="15.351" classname="com.fitsyn.qa.multipletestcases.DelayResultsInPreOfferForRialTwo"/>
  <testcase name="subaccountSettingRailTwo" time="31.246" classname="com.fitsyn.qa.multipletestcases.DelayResultsInPreOfferForRialTwo"/>
  <testcase name="createApplicationRailTwoAfterPreOfferConfirmationPage" time="127.998" classname="com.fitsyn.qa.multipletestcases.DelayResultsInPreOfferForRialTwo"/>
  <testcase name="showPreofferBeforepageDropdowmMenu" time="18.069" classname="com.fitsyn.qa.multipletestcases.DelayResultsInPreOfferForRialTwo"/>
  <testcase name="createApplicationRailTwoBeforePreOfferConfirmationPage" time="110.821" classname="com.fitsyn.qa.multipletestcases.DelayResultsInPreOfferForRialTwo"/>
</testsuite> <!-- Test2 -->
