<?xml version="1.0" encoding="UTF-8"?>
<!-- Generated by org.testng.reporters.JUnitXMLReporter -->
<testsuite hostname="LAPTOP-IFLMPRQ2" ignored="0" name="Test4" tests="10" failures="0" timestamp="2021-11-24T08:57:47 IST" time="1115.189" errors="0">
  <testcase name="addCreditCardcustomOffers" time="213.783" classname="com.fitsyn.qa.multipletestcases.AddCreditCardCustomOffers"/>
  <testcase name="addCustomLenderOffers" time="233.761" classname="com.fitsyn.qa.multipletestcases.AddCustomLenderOffers"/>
  <testcase name="createRVMDripLogic" time="68.947" classname="com.fitsyn.qa.multipletestcases.DripLogicRVM"/>
  <testcase name="editandAddRVMDrip" time="90.34" classname="com.fitsyn.qa.multipletestcases.DripLogicRVM"/>
  <testcase name="startRVMdrip" time="87.443" classname="com.fitsyn.qa.multipletestcases.DripLogicRVM"/>
  <testcase name="subaccountSettingRailTwo" time="33.777" classname="com.fitsyn.qa.multipletestcases.RepresentativeCreateApplicationOptInRailTwo"/>
  <testcase name="searchRepresentativeInUserList" time="51.653" classname="com.fitsyn.qa.multipletestcases.RepresentativeCreateApplicationOptInRailTwo"/>
  <testcase name="CreateRepresentativeApplicationOptInRailTwo" time="120.423" classname="com.fitsyn.qa.multipletestcases.RepresentativeCreateApplicationOptInRailTwo"/>
  <testcase name="createRepresentativeApplicationSpanishRailTwo" time="123.87" classname="com.fitsyn.qa.multipletestcases.RepresentativeOptInProcessSpanishRailTwo"/>
  <testcase name="switchBackAdimPage" time="21.908" classname="com.fitsyn.qa.multipletestcases.RepresentativeOptInProcessSpanishRailTwo"/>
</testsuite> <!-- Test4 -->
