<?xml version="1.0" encoding="UTF-8"?>
<!-- Generated by org.testng.reporters.JUnitXMLReporter -->
<testsuite hostname="LAPTOP-IFLMPRQ2" ignored="0" name="Test5" tests="5" failures="0" timestamp="2021-11-24T09:04:32 IST" time="405.024" errors="0">
  <testcase name="subaccountSettingRailOne" time="40.687" classname="com.fitsyn.qa.multipletestcases.CreditCardReportIndividualApplication"/>
  <testcase name="createIndividualApplicationCreditReport" time="206.963" classname="com.fitsyn.qa.multipletestcases.CreditCardReportIndividualApplication"/>
  <testcase name="appHistory" time="33.886" classname="com.fitsyn.qa.multipletestcases.CreditCardReportIndividualApplication"/>
  <testcase name="searchManager" time="19.612" classname="com.fitsyn.qa.multipletestcases.Dialer"/>
  <testcase name="Dialer" time="80.736" classname="com.fitsyn.qa.multipletestcases.Dialer"/>
</testsuite> <!-- Test5 -->
