<?xml version="1.0" encoding="UTF-8"?>
<!-- Generated by org.testng.reporters.JUnitXMLReporter -->
<testsuite hostname="LAPTOP-IFLMPRQ2" ignored="0" name="Test" tests="2" failures="1" timestamp="2022-03-08T15:14:49 IST" time="86.035" errors="0">
  <testcase name="artDesignForm" time="53.087" classname="com.degreezen.qa.testcases.ArtAndDesignProgramForm"/>
  <testcase name="businessForm" time="5.042" classname="com.degreezen.qa.testcases.BusinessForm">
    <failure type="java.lang.IndexOutOfBoundsException" message="Index: 1, Size: 1">
      <![CDATA[java.lang.IndexOutOfBoundsException: Index: 1, Size: 1
at java.util.ArrayList.rangeCheck(ArrayList.java:659)
at java.util.ArrayList.get(ArrayList.java:435)
at com.degreezen.qa.testcases.BusinessForm.businessForm(BusinessForm.java:35)
at java.util.ArrayList.forEach(ArrayList.java:1259)
... Removed 27 stack frames]]>
    </failure>
  </testcase> <!-- businessForm -->
</testsuite> <!-- Test -->
