<?xml version="1.0" encoding="UTF-8"?>
<!-- Generated by org.testng.reporters.JUnitXMLReporter -->
<testsuite hostname="LAPTOP-IFLMPRQ2" ignored="0" name="Test6" tests="5" failures="0" timestamp="2021-11-24T09:11:27 IST" time="414.978" errors="0">
  <testcase name="subaccountSettingRailOne" time="35.429" classname="com.fitsyn.qa.multipletestcases.RepresentativeCreateApplicationOptInProcessRailOne"/>
  <testcase name="searchRepresentativeInUserListPage" time="33.328" classname="com.fitsyn.qa.multipletestcases.RepresentativeCreateApplicationOptInProcessRailOne"/>
  <testcase name="createRepresentativeApplicationRailOneOptin" time="164.274" classname="com.fitsyn.qa.multipletestcases.RepresentativeCreateApplicationOptInProcessRailOne"/>
  <testcase name="createRepresentativeApplicationSpanishRailOne" time="129.101" classname="com.fitsyn.qa.multipletestcases.RepresentativeOptInprocessSpanishRailOne"/>
  <testcase name="switchBackAdminPage" time="12.547" classname="com.fitsyn.qa.multipletestcases.RepresentativeOptInprocessSpanishRailOne"/>
</testsuite> <!-- Test6 -->
