<?xml version="1.0" encoding="UTF-8"?>
<!-- Generated by org.testng.reporters.JUnitXMLReporter -->
<testsuite hostname="LAPTOP-IFLMPRQ2" ignored="0" name="Test3" tests="12" failures="0" timestamp="2021-11-25T10:26:30 IST" time="939.094" errors="0">
  <testcase name="addUser" time="42.008" classname="com.fitsyn.qa.multipletestcases.UsersList"/>
  <testcase name="subaccountSettingRailTwo" time="32.197" classname="com.fitsyn.qa.multipletestcases.CreditCardReportPublicFormJointApplication"/>
  <testcase name="publicFormCreateApplicationRailTwoCreditReport" time="171.107" classname="com.fitsyn.qa.multipletestcases.CreditCardReportPublicFormJointApplication"/>
  <testcase name="subaccountSettingRailOne" time="32.217" classname="com.fitsyn.qa.multipletestcases.CreditCardReportPublicFormIndividualApplication"/>
  <testcase name="publicFormCreateApplicationRailOneCreditReport" time="169.655" classname="com.fitsyn.qa.multipletestcases.CreditCardReportPublicFormIndividualApplication"/>
  <testcase name="purgebutton" time="16.555" classname="com.fitsyn.qa.testcases.SelectPurgeButtoninApplicationlistpage"/>
  <testcase name="statusStageMap" time="123.488" classname="com.fitsyn.qa.testcases.SelectPurgeButtoninApplicationlistpage"/>
  <testcase name="systemSettingRedirectingToBestOffer" time="22.776" classname="com.fitsyn.qa.multipletestcases.AutoRedirectToBestOfferRailOne"/>
  <testcase name="subAccountSettingRailOne" time="34.31" classname="com.fitsyn.qa.multipletestcases.AutoRedirectToBestOfferRailOne"/>
  <testcase name="createApplicationRailOneRedirectToBestOffer" time="141.881" classname="com.fitsyn.qa.multipletestcases.AutoRedirectToBestOfferRailOne"/>
  <testcase name="systemSettingRailTwo" time="32.497" classname="com.fitsyn.qa.multipletestcases.AutoRedirectToBestOffersRailTwo"/>
  <testcase name="createApplicationRailTwoRedirectToBestOffer" time="104.561" classname="com.fitsyn.qa.multipletestcases.AutoRedirectToBestOffersRailTwo"/>
</testsuite> <!-- Test3 -->
