<?xml version="1.0" encoding="UTF-8"?>
<testng-results skipped="0" failed="0" ignored="0" total="1" passed="1">
  <reporter-output>
  </reporter-output>
  <suite name="Default suite" duration-ms="138174" started-at="2022-06-23T12:50:42 IST" finished-at="2022-06-23T12:53:00 IST">
    <groups>
    </groups>
    <test name="Default test" duration-ms="138174" started-at="2022-06-23T12:50:42 IST" finished-at="2022-06-23T12:53:00 IST">
      <class name="com.degreezenv8.qa.testcases.ArtAndDesignProgram">
        <test-method status="PASS" signature="openBrowser()[pri:0, instance:com.degreezenv8.qa.testcases.ArtAndDesignProgram@548ad73b]" name="openBrowser" is-config="true" duration-ms="54778" started-at="2022-06-23T12:50:42 IST" finished-at="2022-06-23T12:51:37 IST">
          <reporter-output>
          </reporter-output>
        </test-method> <!-- openBrowser -->
        <test-method status="PASS" signature="artDesign()[pri:1, instance:com.degreezenv8.qa.testcases.ArtAndDesignProgram@548ad73b]" name="artDesign" duration-ms="83274" started-at="2022-06-23T12:51:37 IST" finished-at="2022-06-23T12:53:00 IST">
          <reporter-output>
          </reporter-output>
        </test-method> <!-- artDesign -->
      </class> <!-- com.degreezenv8.qa.testcases.ArtAndDesignProgram -->
    </test> <!-- Default test -->
  </suite> <!-- Default suite -->
</testng-results>
